\BOOKMARK [1][-]{section.1}{\376\377\117\134\124\301\226\276\160\271\116\016\122\033\145\260}{}% 1
\BOOKMARK [2][-]{subsection.1.1}{\376\377\136\224\165\050\127\072\146\157\116\016\117\134\124\301\133\232\117\115}{section.1}% 2
\BOOKMARK [2][-]{subsection.1.2}{\376\377\226\276\160\271\122\006\147\220}{section.1}% 3
\BOOKMARK [2][-]{subsection.1.3}{\376\377\122\033\145\260\160\271\122\006\147\220}{section.1}% 4
\BOOKMARK [2][-]{subsection.1.4}{\376\377\147\054\172\340\134\017\176\323}{section.1}% 5
\BOOKMARK [1][-]{section.2}{\376\377\145\271\150\110\213\272\213\301\116\016\213\276\213\241}{}% 6
\BOOKMARK [2][-]{subsection.2.1}{\376\377\140\073\117\123\145\271\150\110}{section.2}% 7
\BOOKMARK [2][-]{subsection.2.2}{\376\377\116\073\211\201\123\302\145\160\116\016\174\373\176\337\211\304\150\074}{section.2}% 8
\BOOKMARK [2][-]{subsection.2.3}{\376\377\145\271\150\110\220\011\142\351\116\016\213\272\213\301}{section.2}% 9
\BOOKMARK [2][-]{subsection.2.4}{\376\377\143\247\122\066\202\257\162\107\122\006\135\345}{section.2}% 10
\BOOKMARK [3][-]{subsubsection.2.4.1}{\376\377\000G\000D\0003\0002\000G\0005\0005\0003\000\040\116\016\116\073\122\237\163\207\143\247\122\066}{subsection.2.4}% 11
\BOOKMARK [3][-]{subsubsection.2.4.2}{\376\377\000G\000D\0003\0002\000C\0001\0001\0003\000\040\116\016\000\040\000B\000M\000S}{subsection.2.4}% 12
\BOOKMARK [3][-]{subsubsection.2.4.3}{\376\377\000G\000D\0003\0002\000V\000W\0005\0005\0003\000\040\116\016\145\340\176\277\166\321\143\247}{subsection.2.4}% 13
\BOOKMARK [2][-]{subsection.2.5}{\376\377\116\011\172\357\123\343\122\237\163\207\123\330\143\142\170\154\116\366\213\276\213\241}{section.2}% 14
\BOOKMARK [2][-]{subsection.2.6}{\376\377\147\054\172\340\134\017\176\323}{section.2}% 15
\BOOKMARK [1][-]{section.3}{\376\377\123\237\164\006\122\006\147\220\116\016\170\154\116\366\165\065\215\357\126\376}{}% 16
\BOOKMARK [2][-]{subsection.3.1}{\376\377\174\373\176\337\170\154\116\366\140\073\117\123\147\266\147\204}{section.3}% 17
\BOOKMARK [2][-]{subsection.3.2}{\376\377\116\073\143\247\122\066\147\177\140\073\117\123\213\276\213\241}{section.3}% 18
\BOOKMARK [2][-]{subsection.3.3}{\376\377\116\073\143\247\122\066\147\177\213\346\176\306\165\065\215\357\213\276\213\241}{section.3}% 19
\BOOKMARK [3][-]{subsubsection.3.3.1}{\376\377\116\073\143\247\147\000\134\017\174\373\176\337}{subsection.3.3}% 20
\BOOKMARK [3][-]{subsubsection.3.3.2}{\376\377\221\307\150\067\165\065\215\357\213\276\213\241}{subsection.3.3}% 21
\BOOKMARK [3][-]{subsubsection.3.3.3}{\376\377\000P\000W\000M\000\040\116\016\170\154\116\366\117\335\142\244\143\245\123\343}{subsection.3.3}% 22
\BOOKMARK [3][-]{subsubsection.3.3.4}{\376\377\220\032\117\341\143\245\123\343\213\276\213\241}{subsection.3.3}% 23
\BOOKMARK [2][-]{subsection.3.4}{\376\377\000B\000M\000S\000\040\170\154\116\366\213\276\213\241}{section.3}% 24
\BOOKMARK [3][-]{subsubsection.3.4.1}{\376\377\000B\000M\000S\000\040\116\073\143\247\147\000\134\017\174\373\176\337}{subsection.3.4}% 25
\BOOKMARK [3][-]{subsubsection.3.4.2}{\376\377\000A\000F\000E\000\040\221\307\150\067\165\065\215\357}{subsection.3.4}% 26
\BOOKMARK [3][-]{subsubsection.3.4.3}{\376\377\165\065\155\101\150\300\155\113\165\065\215\357}{subsection.3.4}% 27
\BOOKMARK [3][-]{subsubsection.3.4.4}{\376\377\127\107\210\141\165\065\215\357\213\276\213\241}{subsection.3.4}% 28
\BOOKMARK [3][-]{subsubsection.3.4.5}{\376\377\121\105\145\076\165\065\000\040\000M\000O\000S\000F\000E\000T\000\040\232\161\122\250\116\016\117\335\142\244\165\065\215\357}{subsection.3.4}% 29
\BOOKMARK [2][-]{subsection.3.5}{\376\377\217\205\122\251\165\065\156\220\213\276\213\241}{section.3}% 30
\BOOKMARK [2][-]{subsection.3.6}{\376\377\122\237\163\207\126\150\116\366\220\011\127\213\116\016\213\241\173\227}{section.3}% 31
\BOOKMARK [2][-]{subsection.3.7}{\376\377\147\054\172\340\134\017\176\323}{section.3}% 32
\BOOKMARK [1][-]{section.4}{\376\377\217\157\116\366\213\276\213\241\116\016\155\101\172\013}{}% 33
\BOOKMARK [2][-]{subsection.4.1}{\376\377\217\157\116\366\140\073\117\123\147\266\147\204}{section.4}% 34
\BOOKMARK [2][-]{subsection.4.2}{\376\377\000B\000M\000S\116\247\124\301\162\266\140\001\147\072}{section.4}% 35
\BOOKMARK [3][-]{subsubsection.4.2.1}{\376\377\133\211\121\150\117\335\142\244\122\006\176\247\131\004\164\006}{subsection.4.2}% 36
\BOOKMARK [2][-]{subsection.4.3}{\376\377\000S\000O\000C\117\060\173\227\173\227\154\325}{section.4}% 37
\BOOKMARK [3][-]{subsubsection.4.3.1}{\376\377\000O\000C\000V\000-\136\223\116\321\155\367\124\010\117\060\173\227\173\126\165\145}{subsection.4.3}% 38
\BOOKMARK [3][-]{subsubsection.4.3.2}{\376\377\155\367\124\010\173\126\165\145\133\236\163\260\155\101\172\013}{subsection.4.3}% 39
\BOOKMARK [2][-]{subsection.4.4}{\376\377\165\065\154\140\127\107\210\141\143\247\122\066}{section.4}% 40
\BOOKMARK [3][-]{subsubsection.4.4.1}{\376\377\210\253\122\250\127\107\210\141\123\237\164\006}{subsection.4.4}% 41
\BOOKMARK [3][-]{subsubsection.4.4.2}{\376\377\127\372\116\216\165\065\123\213\135\356\166\204\127\107\210\141\173\126\165\145}{subsection.4.4}% 42
\BOOKMARK [3][-]{subsubsection.4.4.3}{\376\377\127\107\210\141\133\211\121\150\117\335\142\244}{subsection.4.4}% 43
\BOOKMARK [2][-]{subsection.4.5}{\376\377\000C\000C\000/\000C\000V\121\105\165\065\225\355\163\257\143\247\122\066}{section.4}% 44
\BOOKMARK [3][-]{subsubsection.4.5.1}{\376\377\000C\000C\000/\000C\000V\143\247\122\066\173\126\165\145\116\016\162\266\140\001\217\154\143\142}{subsection.4.5}% 45
\BOOKMARK [3][-]{subsubsection.4.5.2}{\376\377\000P\000I\143\247\122\066\126\150\123\302\145\160\145\164\133\232}{subsection.4.5}% 46
\BOOKMARK [2][-]{subsection.4.6}{\376\377\131\032\000M\000C\000U\220\032\117\341\123\117\213\256}{section.4}% 47
\BOOKMARK [3][-]{subsubsection.4.6.1}{\376\377\000C\000A\000N\000\040\000F\000D\220\145\155\113\123\117\213\256\377\010\000B\000M\000S\000\040\041\222\000\040\116\073\143\247\377\011}{subsection.4.6}% 48
\BOOKMARK [3][-]{subsubsection.4.6.2}{\376\377\000U\000A\000R\000T\145\160\143\156\136\047\123\117\213\256\377\010\116\073\143\247\000\040\041\224\000\040\145\340\176\277\152\041\127\127\377\011}{subsection.4.6}% 49
\BOOKMARK [2][-]{subsection.4.7}{\376\377\145\340\176\277\220\032\117\341\116\016\116\221\172\357\166\321\143\247}{section.4}% 50
\BOOKMARK [3][-]{subsubsection.4.7.1}{\376\377\000M\000Q\000T\000T\133\242\142\067\172\357\213\276\213\241}{subsection.4.7}% 51
\BOOKMARK [3][-]{subsubsection.4.7.2}{\376\377\000W\000e\000b\166\321\143\247\147\015\122\241\126\150}{subsection.4.7}% 52
\BOOKMARK [2][-]{subsection.4.8}{\376\377\124\016\176\355\143\247\122\066\173\126\165\145\211\304\122\022}{section.4}% 53
\BOOKMARK [2][-]{subsection.4.9}{\376\377\131\032\000\040\000M\000C\000U\000\040\123\117\124\014\143\247\122\066\173\126\165\145}{section.4}% 54
\BOOKMARK [1][-]{section.5}{\376\377\174\373\176\337\155\113\213\325\116\016\122\006\147\220}{}% 55
\BOOKMARK [2][-]{subsection.5.1}{\376\377\165\065\123\213\221\307\150\067\174\276\136\246\155\113\213\325}{section.5}% 56
\BOOKMARK [2][-]{subsection.5.2}{\376\377\165\065\155\101\221\307\150\067\174\276\136\246\155\113\213\325}{section.5}% 57
\BOOKMARK [2][-]{subsection.5.3}{\376\377\000S\000O\000C\117\060\173\227\155\113\213\325}{section.5}% 58
\BOOKMARK [2][-]{subsection.5.4}{\376\377\127\107\210\141\122\237\200\375\155\113\213\325}{section.5}% 59
\BOOKMARK [2][-]{subsection.5.5}{\376\377\000C\000C\000/\000C\000V\121\105\165\065\155\113\213\325}{section.5}% 60
\BOOKMARK [2][-]{subsection.5.6}{\376\377\000C\000A\000N\220\032\117\341\155\113\213\325}{section.5}% 61
\BOOKMARK [2][-]{subsection.5.7}{\376\377\174\373\176\337\200\124\214\003\155\113\213\325}{section.5}% 62
\BOOKMARK [3][-]{subsubsection.5.7.1}{\376\377\116\011\172\357\123\343\122\237\163\207\176\247\133\236\232\214\232\214\213\301}{subsection.5.7}% 63
\BOOKMARK [3][-]{subsubsection.5.7.2}{\376\377\116\012\117\115\147\072\116\016\000A\000p\000p\122\237\200\375\155\113\213\325}{subsection.5.7}% 64
\BOOKMARK [3][-]{subsubsection.5.7.3}{\376\377\152\041\137\017\122\007\143\142\116\016\121\105\145\076\165\065\155\113\213\325}{subsection.5.7}% 65
\BOOKMARK [2][-]{subsection.5.8}{\376\377\147\054\172\340\134\017\176\323}{section.5}% 66
\BOOKMARK [1][-]{section.6}{\376\377\140\073\176\323\116\016\134\125\147\033}{}% 67
\BOOKMARK [2][-]{subsection.6.1}{\376\377\135\345\117\134\140\073\176\323}{section.6}% 68
\BOOKMARK [2][-]{subsection.6.2}{\376\377\124\016\176\355\135\345\117\134}{section.6}% 69
\BOOKMARK [1][-]{Item.44}{\376\377\123\302\200\003\145\207\163\056}{}% 70
